<?xml version="1.0" encoding="UTF-8"?>
<!-- Generated by org.testng.reporters.JUnitReportReporter -->
<testsuite hostname="DESKTOP-S4P2VG9" failures="0" tests="1" name="New.abc" time="6.356" errors="0" timestamp="2023-11-22T14:24:08 IST" skipped="0">
  <testcase classname="New.abc" name="test" time="6.356"/>
  <system-out/>
</testsuite> <!-- New.abc -->
