<?xml version="1.0" encoding="UTF-8"?>
<!-- Generated by org.testng.reporters.JUnitReportReporter -->
<testsuite hostname="DESKTOP-S4P2VG9" failures="0" tests="1" name="ExtendReports.TestNG_reports" time="2.104" errors="0" timestamp="2023-11-28T13:24:59 IST" skipped="0">
  <testcase classname="ExtendReports.TestNG_reports" name="setUp" time="2.104"/>
  <system-out/>
</testsuite> <!-- ExtendReports.TestNG_reports -->
