<?xml version="1.0" encoding="UTF-8"?>
<!-- Generated by org.testng.reporters.JUnitReportReporter -->
<testsuite hostname="DESKTOP-S4P2VG9" failures="0" tests="3" name="NewSahara.Promotions_SaharaProperty" time="87.121" errors="0" timestamp="2023-12-05T12:55:33 IST" skipped="0">
  <testcase classname="NewSahara.Promotions_SaharaProperty" name="MULTINIGHT" time="30.715"/>
  <system-out>
    <![CDATA[URL Launched successfully
Check In Date 30 Dec
Check Out Date 31 Dec
10.00   --Multinight type of discount prize
141.00  --this is total value of the std room after discount before the click on book
INR 141.00  --this is total value of the std room with discount after click on book
141.00
flat tax_Fixed type
INR 10.00
flat tax for percentage
INR 11.00
slab tax on rack rate fixed type
INR 10.00
141.00]]>
  </system-out>
  <testcase classname="NewSahara.Promotions_SaharaProperty" name="ADVANCE_PURCHASE" time="24.664"/>
  <system-out>
    <![CDATA[URL Launched successfully
CheckInDate - 3oJan
CheckOutDate - 31Jan
20.00  -- ADVANCE_PURCHASE discount prize
130.00  --this is total value of the std room after discount before the click on book
flat tax_Fixed type
INR 10.00
flat tax for percentage
INR 10.00
slab tax on rack rate fixed type
INR 10.00
130.00]]>
  </system-out>
  <testcase classname="NewSahara.Promotions_SaharaProperty" name="DISCOUNT_PER_STAY" time="31.742"/>
  <system-out>
    <![CDATA[URL Launched successfully
flat tax_Fixed type
INR 10.00
flat tax for percentage
INR 11.50
slab tax on rack rate fixed type
INR 10.00]]>
  </system-out>
</testsuite> <!-- NewSahara.Promotions_SaharaProperty -->
