<?xml version="1.0" encoding="UTF-8"?>
<!-- Generated by org.testng.reporters.JUnitReportReporter -->
<testsuite hostname="DESKTOP-S4P2VG9" failures="0" tests="2" name="NewSahara.Different_NightAndRoomCombitions" time="61.710" errors="0" timestamp="2023-11-28T16:13:07 IST" skipped="0">
  <testcase classname="NewSahara.Different_NightAndRoomCombitions" name="Single_night_single_room" time="29.050"/>
  <system-out>
    <![CDATA[First Name of Guest :-shilpa
Last Name of Guest  :-somani
Contact no of Guest :-8600207649
Mail id of Guest    :-shilpa@staah.com]]>
  </system-out>
  <testcase classname="NewSahara.Different_NightAndRoomCombitions" name="single_night_MultipleRoom" time="32.660"/>
  <system-out>
    <![CDATA[First Name of Guest :-shilpa
Last Name of Guest  :-somani
Contact no of Guest :-8600207649
Mail id of Guest    :-shilpa@staah.com]]>
  </system-out>
</testsuite> <!-- NewSahara.Different_NightAndRoomCombitions -->
